1445 : 2023-02-17 07:07:49,705 : INFO : telemetry.main : Attempt start. Configuration directory [/home/ivan/.azure].
1445 : 2023-02-17 07:07:49,705 : INFO : telemetry.check : Positive: The /home/ivan/.azure/telemetry.txt does not exist.
1445 : 2023-02-17 07:07:49,705 : DEBUG : telemetry.note : acquiring lock
1445 : 2023-02-17 07:07:49,706 : DEBUG : telemetry.note : acquired lock
1445 : 2023-02-17 07:07:49,706 : INFO : telemetry.note : Update the note mtime to 2023-02-17 07:07:49.706212
1445 : 2023-02-17 07:07:49,706 : WARNING : telemetry.note : Fail to parse or read the timestamp 'N/A' in the note file. Set the last send time to minimal. Reason: not readable
1445 : 2023-02-17 07:07:49,706 : INFO : telemetry.records : 1 cache files to move.
1445 : 2023-02-17 07:07:49,706 : INFO : telemetry.records : Create temp folder /tmp/tmp_2tl1fl6
1445 : 2023-02-17 07:07:49,706 : INFO : telemetry.records : Move file /home/ivan/.azure/telemetry/cache to /tmp/tmp_2tl1fl6/cache
1445 : 2023-02-17 07:07:49,708 : INFO : telemetry.records : Processed file /tmp/tmp_2tl1fl6/cache into 1 records.
1445 : 2023-02-17 07:07:49,708 : INFO : telemetry.records : Remove directory /tmp/tmp_2tl1fl6
1445 : 2023-02-17 07:07:49,708 : INFO : telemetry.client : Accumulated 1 events. Flush the clients.
1445 : 2023-02-17 07:07:49,708 : INFO : telemetry.client : Flush client c4395b75-49cc-422c-bc95-c7d51aef5d46.
1445 : 2023-02-17 07:07:50,232 : INFO : telemetry.sender : Sending 3452 bytes
1445 : 2023-02-17 07:07:50,233 : INFO : telemetry.sender : Finish uploading in 0.524481 seconds.
1445 : 2023-02-17 07:07:50,234 : INFO : telemetry.note : Update the last send in note to 2023-02-17 07:07:49
1445 : 2023-02-17 07:07:50,234 : INFO : telemetry.note : Update the note mtime to 2023-02-17 07:07:50.234408
1604 : 2023-02-17 07:22:49,798 : INFO : telemetry.main : Attempt start. Configuration directory [/home/ivan/.azure].
1604 : 2023-02-17 07:22:49,798 : INFO : telemetry.check : Returns Positive.
1604 : 2023-02-17 07:22:49,798 : DEBUG : telemetry.note : acquiring lock
1604 : 2023-02-17 07:22:49,798 : DEBUG : telemetry.note : acquired lock
1604 : 2023-02-17 07:22:49,798 : INFO : telemetry.note : Update the note mtime to 2023-02-17 07:22:49.798815
1604 : 2023-02-17 07:22:49,800 : INFO : telemetry.note : Read timestamp from the note. The last send was 2023-02-17 07:07:49.
1604 : 2023-02-17 07:22:49,801 : INFO : telemetry.records : No cache to be uploaded.
1604 : 2023-02-17 07:22:49,801 : INFO : telemetry.client : Accumulated 0 events. Flush the clients.
1604 : 2023-02-17 07:22:49,801 : INFO : telemetry.note : Update the last send in note to 2023-02-17 07:07:49
1604 : 2023-02-17 07:22:49,801 : INFO : telemetry.note : Update the note mtime to 2023-02-17 07:22:49.801852
1616 : 2023-02-17 08:01:21,952 : INFO : telemetry.main : Attempt start. Configuration directory [/home/ivan/.azure].
1616 : 2023-02-17 08:01:21,952 : INFO : telemetry.check : Returns Positive.
1616 : 2023-02-17 08:01:21,952 : DEBUG : telemetry.note : acquiring lock
1616 : 2023-02-17 08:01:21,952 : DEBUG : telemetry.note : acquired lock
1616 : 2023-02-17 08:01:21,952 : INFO : telemetry.note : Update the note mtime to 2023-02-17 08:01:21.952798
1616 : 2023-02-17 08:01:21,954 : INFO : telemetry.note : Read timestamp from the note. The last send was 2023-02-17 07:07:49.
1616 : 2023-02-17 08:01:21,955 : INFO : telemetry.records : No cache to be uploaded.
1616 : 2023-02-17 08:01:21,955 : INFO : telemetry.client : Accumulated 0 events. Flush the clients.
1616 : 2023-02-17 08:01:21,955 : INFO : telemetry.note : Update the last send in note to 2023-02-17 07:07:49
1616 : 2023-02-17 08:01:21,955 : INFO : telemetry.note : Update the note mtime to 2023-02-17 08:01:21.955814
93 : 2023-02-17 17:58:41,429 : INFO : telemetry.main : Attempt start. Configuration directory [/home/ivan/.azure].
93 : 2023-02-17 17:58:41,430 : INFO : telemetry.check : Returns Positive.
93 : 2023-02-17 17:58:41,431 : DEBUG : telemetry.note : acquiring lock
93 : 2023-02-17 17:58:41,431 : DEBUG : telemetry.note : acquired lock
93 : 2023-02-17 17:58:41,431 : INFO : telemetry.note : Update the note mtime to 2023-02-17 17:58:41.431257
93 : 2023-02-17 17:58:41,433 : INFO : telemetry.note : Read timestamp from the note. The last send was 2023-02-17 07:07:49.
93 : 2023-02-17 17:58:41,434 : INFO : telemetry.records : No cache to be uploaded.
93 : 2023-02-17 17:58:41,434 : INFO : telemetry.client : Accumulated 0 events. Flush the clients.
93 : 2023-02-17 17:58:41,434 : INFO : telemetry.note : Update the last send in note to 2023-02-17 07:07:49
93 : 2023-02-17 17:58:41,434 : INFO : telemetry.note : Update the note mtime to 2023-02-17 17:58:41.434336
863 : 2023-02-17 21:37:01,903 : INFO : telemetry.main : Attempt start. Configuration directory [/home/ivan/.azure].
863 : 2023-02-17 21:37:01,903 : INFO : telemetry.check : Returns Positive.
863 : 2023-02-17 21:37:01,903 : DEBUG : telemetry.note : acquiring lock
863 : 2023-02-17 21:37:01,903 : DEBUG : telemetry.note : acquired lock
863 : 2023-02-17 21:37:01,903 : INFO : telemetry.note : Update the note mtime to 2023-02-17 21:37:01.903966
863 : 2023-02-17 21:37:01,905 : INFO : telemetry.note : Read timestamp from the note. The last send was 2023-02-17 07:07:49.
863 : 2023-02-17 21:37:01,905 : INFO : telemetry.records : No cache to be uploaded.
863 : 2023-02-17 21:37:01,905 : INFO : telemetry.client : Accumulated 0 events. Flush the clients.
863 : 2023-02-17 21:37:01,905 : INFO : telemetry.note : Update the last send in note to 2023-02-17 07:07:49
863 : 2023-02-17 21:37:01,905 : INFO : telemetry.note : Update the note mtime to 2023-02-17 21:37:01.905920
111 : 2023-02-18 07:40:11,012 : INFO : telemetry.main : Attempt start. Configuration directory [/home/ivan/.azure].
111 : 2023-02-18 07:40:11,013 : INFO : telemetry.check : Returns Positive.
111 : 2023-02-18 07:40:11,013 : DEBUG : telemetry.note : acquiring lock
111 : 2023-02-18 07:40:11,013 : DEBUG : telemetry.note : acquired lock
111 : 2023-02-18 07:40:11,013 : INFO : telemetry.note : Update the note mtime to 2023-02-18 07:40:11.013809
111 : 2023-02-18 07:40:11,015 : INFO : telemetry.note : Read timestamp from the note. The last send was 2023-02-17 07:07:49.
111 : 2023-02-18 07:40:11,016 : INFO : telemetry.records : 1 cache files to move.
111 : 2023-02-18 07:40:11,016 : INFO : telemetry.records : Create temp folder /tmp/tmp6tdf3nm6
111 : 2023-02-18 07:40:11,016 : INFO : telemetry.records : Move file /home/ivan/.azure/telemetry/cache to /tmp/tmp6tdf3nm6/cache
111 : 2023-02-18 07:40:11,018 : INFO : telemetry.records : Processed file /tmp/tmp6tdf3nm6/cache into 37 records.
111 : 2023-02-18 07:40:11,020 : INFO : telemetry.records : Remove directory /tmp/tmp6tdf3nm6
111 : 2023-02-18 07:40:11,022 : DEBUG : telemetry.client : Fail to parse data {"c4395b75-49cc-422c-bc95-c7d51aef5d46": [{"name": "azurecli/command", "properties": {"Reserved.DataModel.EntityType": "UserTask", "Reserved.DataModel.Action.Type": "Atomic", "Reserved.DataModel.Action.Result": "UserFault", "Reserved.DataModel.Action.ResultSummary": "_list_ is misspelled or not recognized by the system.", "Reserved.ChannelUsed": "AI", "Reserved.EventId": "9a2c20e9-2373-41a7-b073-3a70893ca3f6", "Reserved.SequenceNumber": 1, "Reserved.SessionId": "8d2169b86ae1ca453509fce5dc737e503c0055ee87f91db5b2712551fa109807", "Reserved.TimeSinceSessionStart": 0, "Reserved.DataModel.Source": "DataModelAPI", "Reserved.DataModel.EntitySchemaVersion": 4, "Reserved.DataModel.Severity": 0, "Reserved.DataModel.ProductName": "azurecli", "Reserved.DataModel.FeatureName": "command", "Reserved.DataModel.EntityName": "executeunknowncommand", "Reserved.DataModel.CorrelationId": "c2231845-94e7-4de8-99e8-cdd053df0558", "Context.Default.VS.Core.ExeName": "azurecli", "Context.Default.VS.Core.ExeVersion": "2.45.0@none", "Context.Default.VS.Core.MacAddressHash": "aeff16256bea550eb289c5aa83b6cd5ff49be4b0e2391f193b6e82562774ca48", "Context.Default.VS.Core.Machine.Id": "aeff1625-6bea-550e-b289-c5aa83b6cd5f", "Context.Default.VS.Core.OS.Type": "linux", "Context.Default.VS.Core.OS.Version": "#1 smp wed mar 2 00:30:59 utc 2022", "Context.Default.VS.Core.OS.Platform": "linux-5.10.102.1-microsoft-standard-wsl2-x86_64-with-glibc2.31", "Context.Default.VS.Core.User.Id": "062b8b92-ae81-11ed-af8c-00155d966c48", "Context.Default.VS.Core.User.IsMicrosoftInternal": "False", "Context.Default.VS.Core.User.IsOptedIn": "True", "Context.Default.VS.Core.TelemetryApi.ProductVersion": "azurecli@2.45.0", "Context.Default.AzureCLI.Source": "az", "Context.Default.AzureCLI.ClientRequestId": "f0ccad34-aedb-11ed-877c-00155d966bb6", "Context.Default.AzureCLI.CoreVersion": "2.45.0", "Context.Default.AzureCLI.TelemetryVersion": "2.0", "Context.Default.AzureCLI.InstallationId": "062b8b92-ae81-11ed-af8c-00155d966c48", "Context.Default.AzureCLI.ShellType": "/bin/bash", "Context.Default.AzureCLI.UserAzureId": "db069597c196afe295021a351fe345e58157246405201387280405536e52a229", "Context.Default.AzureCLI.UserAzureSubscriptionId": "f4e65b44-dc8d-4fd6-b075-1080a933af18", "Context.Default.AzureCLI.DefaultOutputType": "unknown", "Context.Default.AzureCLI.EnvironmentVariables": "[]", "Context.Default.AzureCLI.Locale": "en_US,UTF-8", "Context.Default.AzureCLI.StartTime": "2023-02-17 15:58:37.935390", "Context.Default.AzureCLI.EndTime": "2023-02-17 15:58:41.233709", "Context.Default.AzureCLI.InitTimeElapsed": "0.225563", "Context.Default.AzureCLI.InvokeTimeElapsed": "3.295397", "Context.Default.AzureCLI.OutputType": "none", "Context.Default.AzureCLI.RawCommand": "", "Context.Default.AzureCLI.Params": "", "Context.Default.AzureCLI.PythonVersion": "3.10.8", "Context.Default.AzureCLI.Mode": "default", "Context.Default.AzureCLI.Installer": "DEB", "Context.Default.AzureCLI.error_type": "CommandNotFoundError", "Context.Default.AzureCLI.exception_name": "None", "Context.Default.AzureCLI.debug_info": "AladdinResponseTime: 0.717497,AladdinRecommendCommand: az account list;az vm list;az group list --query \"[?location=='westus']\"", "Context.Default.AzureCLI.PollStartTime": "None", "Context.Default.AzureCLI.PollEndTime": "None", "Context.Default.AzureCLI.CloudName": "AzureCloud", "Context.Default.AzureCLI.ShowSurveyMessage": "False", "Context.Default.AzureCLI.AllowBroker": "None"}}]}
 to JSON. Reason Expecting ',' delimiter: line 1 column 3208 (char 3207).
111 : 2023-02-18 07:40:11,022 : DEBUG : telemetry.client : Fail to parse data {"c4395b75-49cc-422c-bc95-c7d51aef5d46": [{"name": "azurecli/command", "properties": {"Reserved.DataModel.EntityType": "UserTask", "Reserved.DataModel.Action.Type": "Atomic", "Reserved.DataModel.Action.Result": "UserFault", "Reserved.DataModel.Action.ResultSummary": "_list_ is misspelled or not recognized by the system.", "Reserved.ChannelUsed": "AI", "Reserved.EventId": "4920507c-e44e-4b50-b662-614bd5b9842a", "Reserved.SequenceNumber": 1, "Reserved.SessionId": "8d2169b86ae1ca453509fce5dc737e503c0055ee87f91db5b2712551fa109807", "Reserved.TimeSinceSessionStart": 0, "Reserved.DataModel.Source": "DataModelAPI", "Reserved.DataModel.EntitySchemaVersion": 4, "Reserved.DataModel.Severity": 0, "Reserved.DataModel.ProductName": "azurecli", "Reserved.DataModel.FeatureName": "command", "Reserved.DataModel.EntityName": "executeunknowncommand", "Reserved.DataModel.CorrelationId": "0c1476d0-68f1-432f-b95b-f747f2f09d7b", "Context.Default.VS.Core.ExeName": "azurecli", "Context.Default.VS.Core.ExeVersion": "2.45.0@none", "Context.Default.VS.Core.MacAddressHash": "aeff16256bea550eb289c5aa83b6cd5ff49be4b0e2391f193b6e82562774ca48", "Context.Default.VS.Core.Machine.Id": "aeff1625-6bea-550e-b289-c5aa83b6cd5f", "Context.Default.VS.Core.OS.Type": "linux", "Context.Default.VS.Core.OS.Version": "#1 smp wed mar 2 00:30:59 utc 2022", "Context.Default.VS.Core.OS.Platform": "linux-5.10.102.1-microsoft-standard-wsl2-x86_64-with-glibc2.31", "Context.Default.VS.Core.User.Id": "062b8b92-ae81-11ed-af8c-00155d966c48", "Context.Default.VS.Core.User.IsMicrosoftInternal": "False", "Context.Default.VS.Core.User.IsOptedIn": "True", "Context.Default.VS.Core.TelemetryApi.ProductVersion": "azurecli@2.45.0", "Context.Default.AzureCLI.Source": "az", "Context.Default.AzureCLI.ClientRequestId": "723bd264-aefa-11ed-9c9c-00155d966bb6", "Context.Default.AzureCLI.CoreVersion": "2.45.0", "Context.Default.AzureCLI.TelemetryVersion": "2.0", "Context.Default.AzureCLI.InstallationId": "062b8b92-ae81-11ed-af8c-00155d966c48", "Context.Default.AzureCLI.ShellType": "/bin/bash", "Context.Default.AzureCLI.UserAzureId": "db069597c196afe295021a351fe345e58157246405201387280405536e52a229", "Context.Default.AzureCLI.UserAzureSubscriptionId": "f4e65b44-dc8d-4fd6-b075-1080a933af18", "Context.Default.AzureCLI.DefaultOutputType": "unknown", "Context.Default.AzureCLI.EnvironmentVariables": "[]", "Context.Default.AzureCLI.Locale": "en_US,UTF-8", "Context.Default.AzureCLI.StartTime": "2023-02-17 19:36:59.991753", "Context.Default.AzureCLI.EndTime": "2023-02-17 19:37:01.751456", "Context.Default.AzureCLI.InitTimeElapsed": "0.202542", "Context.Default.AzureCLI.InvokeTimeElapsed": "1.754063", "Context.Default.AzureCLI.OutputType": "none", "Context.Default.AzureCLI.RawCommand": "", "Context.Default.AzureCLI.Params": "", "Context.Default.AzureCLI.PythonVersion": "3.10.8", "Context.Default.AzureCLI.Mode": "default", "Context.Default.AzureCLI.Installer": "DEB", "Context.Default.AzureCLI.error_type": "CommandNotFoundError", "Context.Default.AzureCLI.exception_name": "None", "Context.Default.AzureCLI.debug_info": "AladdinResponseTime: 0.78654,AladdinRecommendCommand: az account list;az vm list;az group list --query \"[?location=='westus']\"", "Context.Default.AzureCLI.PollStartTime": "None", "Context.Default.AzureCLI.PollEndTime": "None", "Context.Default.AzureCLI.CloudName": "AzureCloud", "Context.Default.AzureCLI.ShowSurveyMessage": "False", "Context.Default.AzureCLI.AllowBroker": "None"}}]}
 to JSON. Reason Expecting ',' delimiter: line 1 column 3207 (char 3206).
111 : 2023-02-18 07:40:11,023 : INFO : telemetry.client : Accumulated 35 events. Flush the clients.
111 : 2023-02-18 07:40:11,023 : INFO : telemetry.client : Flush client c4395b75-49cc-422c-bc95-c7d51aef5d46.
111 : 2023-02-18 07:40:11,858 : INFO : telemetry.sender : Sending 129157 bytes
111 : 2023-02-18 07:40:11,859 : INFO : telemetry.sender : Finish uploading in 0.833683 seconds.
111 : 2023-02-18 07:40:11,860 : INFO : telemetry.note : Update the last send in note to 2023-02-18 07:40:10
111 : 2023-02-18 07:40:11,860 : INFO : telemetry.note : Update the note mtime to 2023-02-18 07:40:11.860655
148 : 2023-02-18 07:50:27,849 : INFO : telemetry.main : Attempt start. Configuration directory [/home/ivan/.azure].
148 : 2023-02-18 07:50:27,849 : INFO : telemetry.check : Returns Positive.
148 : 2023-02-18 07:50:27,849 : DEBUG : telemetry.note : acquiring lock
148 : 2023-02-18 07:50:27,849 : DEBUG : telemetry.note : acquired lock
148 : 2023-02-18 07:50:27,849 : INFO : telemetry.note : Update the note mtime to 2023-02-18 07:50:27.849832
148 : 2023-02-18 07:50:27,851 : INFO : telemetry.note : Read timestamp from the note. The last send was 2023-02-18 07:40:10.
148 : 2023-02-18 07:50:27,851 : INFO : telemetry.records : No cache to be uploaded.
148 : 2023-02-18 07:50:27,851 : INFO : telemetry.client : Accumulated 0 events. Flush the clients.
148 : 2023-02-18 07:50:27,851 : INFO : telemetry.note : Update the last send in note to 2023-02-18 07:40:10
148 : 2023-02-18 07:50:27,851 : INFO : telemetry.note : Update the note mtime to 2023-02-18 07:50:27.851662
730 : 2023-02-18 08:34:48,896 : INFO : telemetry.main : Attempt start. Configuration directory [/home/ivan/.azure].
730 : 2023-02-18 08:34:48,896 : INFO : telemetry.check : Returns Positive.
730 : 2023-02-18 08:34:48,896 : DEBUG : telemetry.note : acquiring lock
730 : 2023-02-18 08:34:48,896 : DEBUG : telemetry.note : acquired lock
730 : 2023-02-18 08:34:48,896 : INFO : telemetry.note : Update the note mtime to 2023-02-18 08:34:48.896607
730 : 2023-02-18 08:34:48,897 : INFO : telemetry.note : Read timestamp from the note. The last send was 2023-02-18 07:40:10.
730 : 2023-02-18 08:34:48,898 : INFO : telemetry.records : No cache to be uploaded.
730 : 2023-02-18 08:34:48,898 : INFO : telemetry.client : Accumulated 0 events. Flush the clients.
730 : 2023-02-18 08:34:48,898 : INFO : telemetry.note : Update the last send in note to 2023-02-18 07:40:10
730 : 2023-02-18 08:34:48,898 : INFO : telemetry.note : Update the note mtime to 2023-02-18 08:34:48.898479
759 : 2023-02-18 08:48:41,829 : INFO : telemetry.main : Attempt start. Configuration directory [/home/ivan/.azure].
759 : 2023-02-18 08:48:41,830 : INFO : telemetry.check : Returns Positive.
759 : 2023-02-18 08:48:41,830 : DEBUG : telemetry.note : acquiring lock
759 : 2023-02-18 08:48:41,830 : DEBUG : telemetry.note : acquired lock
759 : 2023-02-18 08:48:41,830 : INFO : telemetry.note : Update the note mtime to 2023-02-18 08:48:41.830564
759 : 2023-02-18 08:48:41,832 : INFO : telemetry.note : Read timestamp from the note. The last send was 2023-02-18 07:40:10.
759 : 2023-02-18 08:48:41,832 : INFO : telemetry.records : No cache to be uploaded.
759 : 2023-02-18 08:48:41,833 : INFO : telemetry.client : Accumulated 0 events. Flush the clients.
759 : 2023-02-18 08:48:41,833 : INFO : telemetry.note : Update the last send in note to 2023-02-18 07:40:10
759 : 2023-02-18 08:48:41,833 : INFO : telemetry.note : Update the note mtime to 2023-02-18 08:48:41.833511
4204 : 2023-02-18 11:14:48,960 : INFO : telemetry.main : Attempt start. Configuration directory [/home/ivan/.azure].
4204 : 2023-02-18 11:14:48,960 : INFO : telemetry.check : Returns Positive.
4204 : 2023-02-18 11:14:48,961 : DEBUG : telemetry.note : acquiring lock
4204 : 2023-02-18 11:14:48,961 : DEBUG : telemetry.note : acquired lock
4204 : 2023-02-18 11:14:48,961 : INFO : telemetry.note : Update the note mtime to 2023-02-18 11:14:48.961293
4204 : 2023-02-18 11:14:48,962 : INFO : telemetry.note : Read timestamp from the note. The last send was 2023-02-18 07:40:10.
4204 : 2023-02-18 11:14:48,962 : INFO : telemetry.records : No cache to be uploaded.
4204 : 2023-02-18 11:14:48,963 : INFO : telemetry.client : Accumulated 0 events. Flush the clients.
4204 : 2023-02-18 11:14:48,963 : INFO : telemetry.note : Update the last send in note to 2023-02-18 07:40:10
4204 : 2023-02-18 11:14:48,963 : INFO : telemetry.note : Update the note mtime to 2023-02-18 11:14:48.963204
137 : 2023-02-19 18:36:59,282 : INFO : telemetry.main : Attempt start. Configuration directory [/home/ivan/.azure].
137 : 2023-02-19 18:36:59,283 : INFO : telemetry.check : Returns Positive.
137 : 2023-02-19 18:36:59,283 : DEBUG : telemetry.note : acquiring lock
137 : 2023-02-19 18:36:59,283 : DEBUG : telemetry.note : acquired lock
137 : 2023-02-19 18:36:59,283 : INFO : telemetry.note : Update the note mtime to 2023-02-19 18:36:59.283689
137 : 2023-02-19 18:36:59,285 : INFO : telemetry.note : Read timestamp from the note. The last send was 2023-02-18 07:40:10.
137 : 2023-02-19 18:36:59,286 : INFO : telemetry.records : 1 cache files to move.
137 : 2023-02-19 18:36:59,286 : INFO : telemetry.records : Create temp folder /tmp/tmp0iqnwqw2
137 : 2023-02-19 18:36:59,286 : INFO : telemetry.records : Move file /home/ivan/.azure/telemetry/cache to /tmp/tmp0iqnwqw2/cache
137 : 2023-02-19 18:36:59,288 : INFO : telemetry.records : Processed file /tmp/tmp0iqnwqw2/cache into 21 records.
137 : 2023-02-19 18:36:59,288 : INFO : telemetry.records : Remove directory /tmp/tmp0iqnwqw2
137 : 2023-02-19 18:36:59,289 : DEBUG : telemetry.client : Fail to parse data {"c4395b75-49cc-422c-bc95-c7d51aef5d46": [{"name": "azurecli/command", "properties": {"Reserved.DataModel.EntityType": "UserTask", "Reserved.DataModel.Action.Type": "Atomic", "Reserved.DataModel.Action.Result": "UserFault", "Reserved.DataModel.Action.ResultSummary": "_restar_ is misspelled or not recognized by the system.", "Reserved.ChannelUsed": "AI", "Reserved.EventId": "b354a544-197c-462a-a2da-35c5025c15b7", "Reserved.SequenceNumber": 1, "Reserved.SessionId": "e113a84cda0d186f7340751ebdcb29b7b5787243e6b22c325eb34c29fc013e84", "Reserved.TimeSinceSessionStart": 0, "Reserved.DataModel.Source": "DataModelAPI", "Reserved.DataModel.EntitySchemaVersion": 4, "Reserved.DataModel.Severity": 0, "Reserved.DataModel.ProductName": "azurecli", "Reserved.DataModel.FeatureName": "command", "Reserved.DataModel.EntityName": "executeunknowncommand", "Reserved.DataModel.CorrelationId": "57d68803-3a56-4c86-9994-45f010f1950f", "Context.Default.VS.Core.ExeName": "azurecli", "Context.Default.VS.Core.ExeVersion": "2.45.0@none", "Context.Default.VS.Core.MacAddressHash": "f4b948c736c2196172e890543cef14258648e051f6ecccb4407241845adc16b3", "Context.Default.VS.Core.Machine.Id": "f4b948c7-36c2-1961-72e8-90543cef1425", "Context.Default.VS.Core.OS.Type": "linux", "Context.Default.VS.Core.OS.Version": "#1 smp wed mar 2 00:30:59 utc 2022", "Context.Default.VS.Core.OS.Platform": "linux-5.10.102.1-microsoft-standard-wsl2-x86_64-with-glibc2.31", "Context.Default.VS.Core.User.Id": "062b8b92-ae81-11ed-af8c-00155d966c48", "Context.Default.VS.Core.User.IsMicrosoftInternal": "False", "Context.Default.VS.Core.User.IsOptedIn": "True", "Context.Default.VS.Core.TelemetryApi.ProductVersion": "azurecli@2.45.0", "Context.Default.AzureCLI.Source": "az", "Context.Default.AzureCLI.ClientRequestId": "2b001030-af50-11ed-8462-00155d966796", "Context.Default.AzureCLI.CoreVersion": "2.45.0", "Context.Default.AzureCLI.TelemetryVersion": "2.0", "Context.Default.AzureCLI.InstallationId": "062b8b92-ae81-11ed-af8c-00155d966c48", "Context.Default.AzureCLI.ShellType": "/bin/bash", "Context.Default.AzureCLI.UserAzureId": "db069597c196afe295021a351fe345e58157246405201387280405536e52a229", "Context.Default.AzureCLI.UserAzureSubscriptionId": "f4e65b44-dc8d-4fd6-b075-1080a933af18", "Context.Default.AzureCLI.DefaultOutputType": "unknown", "Context.Default.AzureCLI.EnvironmentVariables": "[]", "Context.Default.AzureCLI.Locale": "en_US,UTF-8", "Context.Default.AzureCLI.StartTime": "2023-02-18 05:51:39.249113", "Context.Default.AzureCLI.EndTime": "2023-02-18 05:51:40.315764", "Context.Default.AzureCLI.InitTimeElapsed": "None", "Context.Default.AzureCLI.InvokeTimeElapsed": "None", "Context.Default.AzureCLI.OutputType": "none", "Context.Default.AzureCLI.RawCommand": "", "Context.Default.AzureCLI.Params": "", "Context.Default.AzureCLI.PythonVersion": "3.10.8", "Context.Default.AzureCLI.Mode": "interactive", "Context.Default.AzureCLI.Installer": "DEB", "Context.Default.AzureCLI.error_type": "CommandNotFoundError", "Context.Default.AzureCLI.exception_name": "None", "Context.Default.AzureCLI.debug_info": "AladdinResponseTime: 0.729268,ExampleRecommendCommand: az rest --method get --url https://graph.microsoft.com/beta/auditLogs/directoryAudits;(Bash or CMD)\naz rest --method patch --url \"https://graph.microsoft.com/v1.0/users/johndoe@azuresdkteam.onmicrosoft.com\" --body \"{\\\"displayName\\\": \\\"johndoe2\\\"}\"\n\n(Bash)\naz rest --method patch --url \"https://graph.microsoft.com/v1.0/users/johndoe@azuresdkteam.onmicrosoft.com\" --body '{\"displayName\": \"johndoe2\"}'\n\n(PowerShell)\naz rest --method patch --url \"https://graph.microsoft.com/v1.0/users/johndoe@azuresdkteam.onmicrosoft.com\" --body '{\\\"displayName\\\": \\\"johndoe2\\\"}';az rest --method get --uri /subscriptions/{subscriptionId}/resourceGroups/{resourceGroupName}/providers/Microsoft.Compute/virtualMachines/{vmName}?api-version=2019-03-01", "Context.Default.AzureCLI.PollStartTime": "None", "Context.Default.AzureCLI.PollEndTime": "None", "Context.Default.AzureCLI.CloudName": "AzureCloud", "Context.Default.AzureCLI.ShowSurveyMessage": "False", "Context.Default.AzureCLI.AllowBroker": "None"}}]}
 to JSON. Reason Expecting ',' delimiter: line 1 column 3531 (char 3530).
137 : 2023-02-19 18:36:59,289 : DEBUG : telemetry.client : Fail to parse data {"c4395b75-49cc-422c-bc95-c7d51aef5d46": [{"name": "azurecli/command", "properties": {"Reserved.DataModel.EntityType": "UserTask", "Reserved.DataModel.Action.Type": "Atomic", "Reserved.DataModel.Action.Result": "UserFault", "Reserved.DataModel.Action.ResultSummary": "_restart_ is misspelled or not recognized by the system.", "Reserved.ChannelUsed": "AI", "Reserved.EventId": "3fe5d9d6-91e2-4fa1-b202-65e7a232f70b", "Reserved.SequenceNumber": 1, "Reserved.SessionId": "e113a84cda0d186f7340751ebdcb29b7b5787243e6b22c325eb34c29fc013e84", "Reserved.TimeSinceSessionStart": 0, "Reserved.DataModel.Source": "DataModelAPI", "Reserved.DataModel.EntitySchemaVersion": 4, "Reserved.DataModel.Severity": 0, "Reserved.DataModel.ProductName": "azurecli", "Reserved.DataModel.FeatureName": "command", "Reserved.DataModel.EntityName": "executeunknowncommand", "Reserved.DataModel.CorrelationId": "57d68803-3a56-4c86-9994-45f010f1950f", "Context.Default.VS.Core.ExeName": "azurecli", "Context.Default.VS.Core.ExeVersion": "2.45.0@none", "Context.Default.VS.Core.MacAddressHash": "f4b948c736c2196172e890543cef14258648e051f6ecccb4407241845adc16b3", "Context.Default.VS.Core.Machine.Id": "f4b948c7-36c2-1961-72e8-90543cef1425", "Context.Default.VS.Core.OS.Type": "linux", "Context.Default.VS.Core.OS.Version": "#1 smp wed mar 2 00:30:59 utc 2022", "Context.Default.VS.Core.OS.Platform": "linux-5.10.102.1-microsoft-standard-wsl2-x86_64-with-glibc2.31", "Context.Default.VS.Core.User.Id": "062b8b92-ae81-11ed-af8c-00155d966c48", "Context.Default.VS.Core.User.IsMicrosoftInternal": "False", "Context.Default.VS.Core.User.IsOptedIn": "True", "Context.Default.VS.Core.TelemetryApi.ProductVersion": "azurecli@2.45.0", "Context.Default.AzureCLI.Source": "az", "Context.Default.AzureCLI.ClientRequestId": "2b001030-af50-11ed-8462-00155d966796", "Context.Default.AzureCLI.CoreVersion": "2.45.0", "Context.Default.AzureCLI.TelemetryVersion": "2.0", "Context.Default.AzureCLI.InstallationId": "062b8b92-ae81-11ed-af8c-00155d966c48", "Context.Default.AzureCLI.ShellType": "/bin/bash", "Context.Default.AzureCLI.UserAzureId": "db069597c196afe295021a351fe345e58157246405201387280405536e52a229", "Context.Default.AzureCLI.UserAzureSubscriptionId": "f4e65b44-dc8d-4fd6-b075-1080a933af18", "Context.Default.AzureCLI.DefaultOutputType": "unknown", "Context.Default.AzureCLI.EnvironmentVariables": "[]", "Context.Default.AzureCLI.Locale": "en_US,UTF-8", "Context.Default.AzureCLI.StartTime": "2023-02-18 05:51:44.416849", "Context.Default.AzureCLI.EndTime": "2023-02-18 05:51:45.228180", "Context.Default.AzureCLI.InitTimeElapsed": "None", "Context.Default.AzureCLI.InvokeTimeElapsed": "None", "Context.Default.AzureCLI.OutputType": "none", "Context.Default.AzureCLI.RawCommand": "", "Context.Default.AzureCLI.Params": "", "Context.Default.AzureCLI.PythonVersion": "3.10.8", "Context.Default.AzureCLI.Mode": "interactive", "Context.Default.AzureCLI.Installer": "DEB", "Context.Default.AzureCLI.error_type": "CommandNotFoundError", "Context.Default.AzureCLI.exception_name": "None", "Context.Default.AzureCLI.debug_info": "AladdinResponseTime: 0.495232,ExampleRecommendCommand: az rest --method get --url https://graph.microsoft.com/beta/auditLogs/directoryAudits;(Bash or CMD)\naz rest --method patch --url \"https://graph.microsoft.com/v1.0/users/johndoe@azuresdkteam.onmicrosoft.com\" --body \"{\\\"displayName\\\": \\\"johndoe2\\\"}\"\n\n(Bash)\naz rest --method patch --url \"https://graph.microsoft.com/v1.0/users/johndoe@azuresdkteam.onmicrosoft.com\" --body '{\"displayName\": \"johndoe2\"}'\n\n(PowerShell)\naz rest --method patch --url \"https://graph.microsoft.com/v1.0/users/johndoe@azuresdkteam.onmicrosoft.com\" --body '{\\\"displayName\\\": \\\"johndoe2\\\"}';az rest --method get --uri /subscriptions/{subscriptionId}/resourceGroups/{resourceGroupName}/providers/Microsoft.Compute/virtualMachines/{vmName}?api-version=2019-03-01", "Context.Default.AzureCLI.PollStartTime": "None", "Context.Default.AzureCLI.PollEndTime": "None", "Context.Default.AzureCLI.CloudName": "AzureCloud", "Context.Default.AzureCLI.ShowSurveyMessage": "False", "Context.Default.AzureCLI.AllowBroker": "None"}}]}
 to JSON. Reason Expecting ',' delimiter: line 1 column 3532 (char 3531).
137 : 2023-02-19 18:36:59,291 : INFO : telemetry.client : Accumulated 19 events. Flush the clients.
137 : 2023-02-19 18:36:59,291 : INFO : telemetry.client : Flush client c4395b75-49cc-422c-bc95-c7d51aef5d46.
137 : 2023-02-19 18:36:59,842 : INFO : telemetry.sender : Sending 67542 bytes
137 : 2023-02-19 18:36:59,843 : INFO : telemetry.sender : Finish uploading in 0.551006 seconds.
137 : 2023-02-19 18:36:59,843 : INFO : telemetry.note : Update the last send in note to 2023-02-19 18:36:59
137 : 2023-02-19 18:36:59,844 : INFO : telemetry.note : Update the note mtime to 2023-02-19 18:36:59.844142
105 : 2023-02-21 17:13:21,248 : INFO : telemetry.main : Attempt start. Configuration directory [/home/ivan/.azure].
105 : 2023-02-21 17:13:21,249 : INFO : telemetry.check : Returns Positive.
105 : 2023-02-21 17:13:21,250 : DEBUG : telemetry.note : acquiring lock
105 : 2023-02-21 17:13:21,259 : DEBUG : telemetry.note : acquired lock
105 : 2023-02-21 17:13:21,259 : INFO : telemetry.note : Update the note mtime to 2023-02-21 17:13:21.259574
105 : 2023-02-21 17:13:21,270 : INFO : telemetry.note : Read timestamp from the note. The last send was 2023-02-19 18:36:59.
105 : 2023-02-21 17:13:21,272 : INFO : telemetry.records : 1 cache files to move.
105 : 2023-02-21 17:13:21,272 : INFO : telemetry.records : Create temp folder /tmp/tmpbqu15p_i
105 : 2023-02-21 17:13:21,273 : INFO : telemetry.records : Move file /home/ivan/.azure/telemetry/cache to /tmp/tmpbqu15p_i/cache
105 : 2023-02-21 17:13:21,274 : INFO : telemetry.records : Processed file /tmp/tmpbqu15p_i/cache into 1 records.
105 : 2023-02-21 17:13:21,275 : INFO : telemetry.records : Remove directory /tmp/tmpbqu15p_i
105 : 2023-02-21 17:13:21,276 : INFO : telemetry.client : Accumulated 1 events. Flush the clients.
105 : 2023-02-21 17:13:21,276 : INFO : telemetry.client : Flush client c4395b75-49cc-422c-bc95-c7d51aef5d46.
105 : 2023-02-21 17:13:21,656 : INFO : telemetry.sender : Sending 3655 bytes
105 : 2023-02-21 17:13:21,657 : INFO : telemetry.sender : Finish uploading in 0.380785 seconds.
105 : 2023-02-21 17:13:21,658 : INFO : telemetry.note : Update the last send in note to 2023-02-21 17:13:20
105 : 2023-02-21 17:13:21,658 : INFO : telemetry.note : Update the note mtime to 2023-02-21 17:13:21.658375
290 : 2023-02-27 20:22:51,698 : INFO : telemetry.main : Attempt start. Configuration directory [/home/ivan/.azure].
290 : 2023-02-27 20:22:51,699 : INFO : telemetry.check : Returns Positive.
290 : 2023-02-27 20:22:51,700 : DEBUG : telemetry.note : acquiring lock
290 : 2023-02-27 20:22:51,717 : DEBUG : telemetry.note : acquired lock
290 : 2023-02-27 20:22:51,718 : INFO : telemetry.note : Update the note mtime to 2023-02-27 20:22:51.718067
290 : 2023-02-27 20:22:51,727 : INFO : telemetry.note : Read timestamp from the note. The last send was 2023-02-21 17:13:20.
290 : 2023-02-27 20:22:51,732 : INFO : telemetry.records : 1 cache files to move.
290 : 2023-02-27 20:22:51,733 : INFO : telemetry.records : Create temp folder /tmp/tmphqecq6_2
290 : 2023-02-27 20:22:51,736 : INFO : telemetry.records : Move file /home/ivan/.azure/telemetry/cache to /tmp/tmphqecq6_2/cache
290 : 2023-02-27 20:22:51,739 : INFO : telemetry.records : Processed file /tmp/tmphqecq6_2/cache into 1 records.
290 : 2023-02-27 20:22:51,742 : INFO : telemetry.records : Remove directory /tmp/tmphqecq6_2
290 : 2023-02-27 20:22:51,744 : INFO : telemetry.client : Accumulated 1 events. Flush the clients.
290 : 2023-02-27 20:22:51,744 : INFO : telemetry.client : Flush client c4395b75-49cc-422c-bc95-c7d51aef5d46.
290 : 2023-02-27 20:22:52,396 : INFO : telemetry.sender : Sending 3620 bytes
290 : 2023-02-27 20:22:52,396 : INFO : telemetry.sender : Finish uploading in 0.651106 seconds.
290 : 2023-02-27 20:22:52,397 : INFO : telemetry.note : Update the last send in note to 2023-02-27 20:22:50
290 : 2023-02-27 20:22:52,397 : INFO : telemetry.note : Update the note mtime to 2023-02-27 20:22:52.397617
377 : 2023-03-01 18:43:22,205 : INFO : telemetry.main : Attempt start. Configuration directory [/home/ivan/.azure].
377 : 2023-03-01 18:43:22,207 : INFO : telemetry.check : Returns Positive.
377 : 2023-03-01 18:43:22,209 : DEBUG : telemetry.note : acquiring lock
377 : 2023-03-01 18:43:22,221 : DEBUG : telemetry.note : acquired lock
377 : 2023-03-01 18:43:22,222 : INFO : telemetry.note : Update the note mtime to 2023-03-01 18:43:22.221886
377 : 2023-03-01 18:43:22,225 : INFO : telemetry.note : Read timestamp from the note. The last send was 2023-02-27 20:22:50.
377 : 2023-03-01 18:43:22,228 : INFO : telemetry.records : 1 cache files to move.
377 : 2023-03-01 18:43:22,229 : INFO : telemetry.records : Create temp folder /tmp/tmp5wvlniuh
377 : 2023-03-01 18:43:22,231 : INFO : telemetry.records : Move file /home/ivan/.azure/telemetry/cache to /tmp/tmp5wvlniuh/cache
377 : 2023-03-01 18:43:22,232 : INFO : telemetry.records : Processed file /tmp/tmp5wvlniuh/cache into 2 records.
377 : 2023-03-01 18:43:22,234 : INFO : telemetry.records : Remove directory /tmp/tmp5wvlniuh
377 : 2023-03-01 18:43:22,235 : INFO : telemetry.client : Accumulated 2 events. Flush the clients.
377 : 2023-03-01 18:43:22,235 : INFO : telemetry.client : Flush client c4395b75-49cc-422c-bc95-c7d51aef5d46.
377 : 2023-03-01 18:43:22,457 : INFO : telemetry.sender : Sending 7514 bytes
377 : 2023-03-01 18:43:22,458 : INFO : telemetry.sender : Finish uploading in 0.221769 seconds.
377 : 2023-03-01 18:43:22,461 : INFO : telemetry.note : Update the last send in note to 2023-03-01 18:43:21
377 : 2023-03-01 18:43:22,462 : INFO : telemetry.note : Update the note mtime to 2023-03-01 18:43:22.461953
